2024-02-08 13:58:42 - Called method: __next__ with args: () returns: a
2024-02-08 13:58:42 - Called method: __next__ with args: () returns: b
2024-02-08 13:58:42 - Called method: __next__ with args: () returns: c
2024-02-08 13:58:42 - Called method: __next__ with args: () returns: d
2024-02-08 13:58:42 - Called method: __next__ with args: () returns: d
2024-02-08 13:58:42 - Called method: __next__ with args: () returns: e
2024-02-08 13:58:42 - Called method: __next__ with args: () returns: f
2024-02-08 13:58:42 - Called method: __next__ with args: () returns: h
2024-02-08 13:58:42 - Called method: __next__ with args: () returns: False
2024-02-08 13:58:42 - Called method: __next__ with args: () returns: 1
2024-02-08 13:58:42 - Called method: __next__ with args: () returns: 1
2024-02-08 13:58:42 - Called method: __next__ with args: () returns: 2
2024-02-08 13:58:42 - Called method: __next__ with args: () returns: None
2024-02-08 13:58:42 - Called method: __next__ with args: () returns: a
2024-02-08 13:58:42 - Called method: __next__ with args: () returns: b
2024-02-08 13:58:42 - Called method: __next__ with args: () returns: c
2024-02-08 13:58:42 - Called method: __next__ with args: () returns: d
2024-02-08 13:58:42 - Called method: __next__ with args: () returns: d
2024-02-08 13:58:42 - Called method: __next__ with args: () returns: e
2024-02-08 13:58:42 - Called method: __next__ with args: () returns: f
2024-02-08 13:58:42 - Called method: __next__ with args: () returns: h
2024-02-08 13:58:42 - Called method: __next__ with args: () returns: False
2024-02-08 13:58:42 - Called method: __next__ with args: () returns: 1
2024-02-08 13:58:42 - Called method: __next__ with args: () returns: 1
2024-02-08 13:58:42 - Called method: __next__ with args: () returns: 2
2024-02-08 13:58:42 - Called method: __next__ with args: () returns: None
